  main.cpp
c:\opencv\include\opencv2\core\mat.hpp(2585): warning C4819: The file contains a character that cannot be represented in the current code page (936). Save the file in Unicode format to prevent data loss
c:\opencv\include\opencv2\core\persistence.hpp : warning C4819: The file contains a character that cannot be represented in the current code page (936). Save the file in Unicode format to prevent data loss
c:\opencv\include\opencv2\core\utility.hpp : warning C4819: The file contains a character that cannot be represented in the current code page (936). Save the file in Unicode format to prevent data loss
c:\opencv\include\opencv2\core\utility.hpp : warning C4819: The file contains a character that cannot be represented in the current code page (936). Save the file in Unicode format to prevent data loss
c:\opencv\include\opencv2\imgproc.hpp(595): warning C4819: The file contains a character that cannot be represented in the current code page (936). Save the file in Unicode format to prevent data loss
main.obj : error LNK2019: unresolved external symbol "void __cdecl cv::fastFree(void *)" (?fastFree@cv@@YAXPAX@Z) referenced in function "public: __thiscall cv::Mat::~Mat(void)" (??1Mat@cv@@QAE@XZ)
main.obj : error LNK2019: unresolved external symbol "private: char * __thiscall cv::String::allocate(unsigned int)" (?allocate@String@cv@@AAEPADI@Z) referenced in function "public: __thiscall cv::String::String(char const *)" (??0String@cv@@QAE@PBD@Z)
main.obj : error LNK2019: unresolved external symbol "private: void __thiscall cv::String::deallocate(void)" (?deallocate@String@cv@@AAEXXZ) referenced in function "public: __thiscall cv::String::~String(void)" (??1String@cv@@QAE@XZ)
main.obj : error LNK2019: unresolved external symbol "void __cdecl cv::error(int,class cv::String const &,char const *,char const *,int)" (?error@cv@@YAXHABVString@1@PBD1H@Z) referenced in function "public: class cv::Size_<int> __thiscall cv::MatSize::operator()(void)const " (??RMatSize@cv@@QBE?AV?$Size_@H@1@XZ)
main.obj : error LNK2019: unresolved external symbol "class cv::_InputOutputArray const & __cdecl cv::noArray(void)" (?noArray@cv@@YAABV_InputOutputArray@1@XZ) referenced in function _main
main.obj : error LNK2019: unresolved external symbol "public: void __thiscall cv::Mat::deallocate(void)" (?deallocate@Mat@cv@@QAEXXZ) referenced in function "public: void __thiscall cv::Mat::release(void)" (?release@Mat@cv@@QAEXXZ)
main.obj : error LNK2019: unresolved external symbol "public: __thiscall cv::Algorithm::Algorithm(void)" (??0Algorithm@cv@@QAE@XZ) referenced in function "public: __thiscall cv::Feature2D::Feature2D(void)" (??0Feature2D@cv@@QAE@XZ)
main.obj : error LNK2019: unresolved external symbol "public: virtual __thiscall cv::Algorithm::~Algorithm(void)" (??1Algorithm@cv@@UAE@XZ) referenced in function __unwindfunclet$??0SIFT@xfeatures2d@cv@@QAE@XZ$0
main.obj : error LNK2001: unresolved external symbol "public: virtual void __thiscall cv::Algorithm::save(class cv::String const &)const " (?save@Algorithm@cv@@UBEXABVString@2@@Z)
main.obj : error LNK2001: unresolved external symbol "public: virtual class cv::String __thiscall cv::Algorithm::getDefaultName(void)const " (?getDefaultName@Algorithm@cv@@UBE?AVString@2@XZ)
main.obj : error LNK2019: unresolved external symbol "public: virtual __thiscall cv::Feature2D::~Feature2D(void)" (??1Feature2D@cv@@UAE@XZ) referenced in function "public: virtual __thiscall cv::xfeatures2d::SIFT::~SIFT(void)" (??1SIFT@xfeatures2d@cv@@UAE@XZ)
main.obj : error LNK2019: unresolved external symbol "public: virtual void __thiscall cv::Feature2D::detect(class cv::_InputArray const &,class std::vector<class cv::KeyPoint,class std::allocator<class cv::KeyPoint> > &,class cv::_InputArray const &)" (?detect@Feature2D@cv@@UAEXABV_InputArray@2@AAV?$vector@VKeyPoint@cv@@V?$allocator@VKeyPoint@cv@@@std@@@std@@0@Z) referenced in function _main
main.obj : error LNK2001: unresolved external symbol "public: virtual void __thiscall cv::Feature2D::detect(class cv::_InputArray const &,class std::vector<class std::vector<class cv::KeyPoint,class std::allocator<class cv::KeyPoint> >,class std::allocator<class std::vector<class cv::KeyPoint,class std::allocator<class cv::KeyPoint> > > > &,class cv::_InputArray const &)" (?detect@Feature2D@cv@@UAEXABV_InputArray@2@AAV?$vector@V?$vector@VKeyPoint@cv@@V?$allocator@VKeyPoint@cv@@@std@@@std@@V?$allocator@V?$vector@VKeyPoint@cv@@V?$allocator@VKeyPoint@cv@@@std@@@std@@@2@@std@@0@Z)
main.obj : error LNK2019: unresolved external symbol "public: virtual void __thiscall cv::Feature2D::compute(class cv::_InputArray const &,class std::vector<class cv::KeyPoint,class std::allocator<class cv::KeyPoint> > &,class cv::_OutputArray const &)" (?compute@Feature2D@cv@@UAEXABV_InputArray@2@AAV?$vector@VKeyPoint@cv@@V?$allocator@VKeyPoint@cv@@@std@@@std@@ABV_OutputArray@2@@Z) referenced in function _main
main.obj : error LNK2001: unresolved external symbol "public: virtual void __thiscall cv::Feature2D::compute(class cv::_InputArray const &,class std::vector<class std::vector<class cv::KeyPoint,class std::allocator<class cv::KeyPoint> >,class std::allocator<class std::vector<class cv::KeyPoint,class std::allocator<class cv::KeyPoint> > > > &,class cv::_OutputArray const &)" (?compute@Feature2D@cv@@UAEXABV_InputArray@2@AAV?$vector@V?$vector@VKeyPoint@cv@@V?$allocator@VKeyPoint@cv@@@std@@@std@@V?$allocator@V?$vector@VKeyPoint@cv@@V?$allocator@VKeyPoint@cv@@@std@@@std@@@2@@std@@ABV_OutputArray@2@@Z)
main.obj : error LNK2001: unresolved external symbol "public: virtual void __thiscall cv::Feature2D::detectAndCompute(class cv::_InputArray const &,class cv::_InputArray const &,class std::vector<class cv::KeyPoint,class std::allocator<class cv::KeyPoint> > &,class cv::_OutputArray const &,bool)" (?detectAndCompute@Feature2D@cv@@UAEXABV_InputArray@2@0AAV?$vector@VKeyPoint@cv@@V?$allocator@VKeyPoint@cv@@@std@@@std@@ABV_OutputArray@2@_N@Z)
main.obj : error LNK2001: unresolved external symbol "public: virtual int __thiscall cv::Feature2D::descriptorSize(void)const " (?descriptorSize@Feature2D@cv@@UBEHXZ)
main.obj : error LNK2001: unresolved external symbol "public: virtual int __thiscall cv::Feature2D::descriptorType(void)const " (?descriptorType@Feature2D@cv@@UBEHXZ)
main.obj : error LNK2001: unresolved external symbol "public: virtual int __thiscall cv::Feature2D::defaultNorm(void)const " (?defaultNorm@Feature2D@cv@@UBEHXZ)
main.obj : error LNK2019: unresolved external symbol "public: virtual void __thiscall cv::Feature2D::write(class cv::FileStorage &)const " (?write@Feature2D@cv@@UBEXAAVFileStorage@2@@Z) referenced in function "[thunk]:public: virtual void __thiscall cv::Feature2D::write`vtordisp{4294967292,0}' (class cv::FileStorage &)const " (?write@Feature2D@cv@@$4PPPPPPPM@A@BEXAAVFileStorage@2@@Z)
main.obj : error LNK2019: unresolved external symbol "public: virtual void __thiscall cv::Feature2D::read(class cv::FileNode const &)" (?read@Feature2D@cv@@UAEXABVFileNode@2@@Z) referenced in function "[thunk]:public: virtual void __thiscall cv::Feature2D::read`vtordisp{4294967292,0}' (class cv::FileNode const &)" (?read@Feature2D@cv@@$4PPPPPPPM@A@AEXABVFileNode@2@@Z)
main.obj : error LNK2019: unresolved external symbol "public: virtual bool __thiscall cv::Feature2D::empty(void)const " (?empty@Feature2D@cv@@UBE_NXZ) referenced in function "[thunk]:public: virtual bool __thiscall cv::Feature2D::empty`vtordisp{4294967292,0}' (void)const " (?empty@Feature2D@cv@@$4PPPPPPPM@A@BE_NXZ)
main.obj : error LNK2019: unresolved external symbol "void __cdecl cv::drawKeypoints(class cv::_InputArray const &,class std::vector<class cv::KeyPoint,class std::allocator<class cv::KeyPoint> > const &,class cv::_InputOutputArray const &,class cv::Scalar_<double> const &,int)" (?drawKeypoints@cv@@YAXABV_InputArray@1@ABV?$vector@VKeyPoint@cv@@V?$allocator@VKeyPoint@cv@@@std@@@std@@ABV_InputOutputArray@1@ABV?$Scalar_@N@1@H@Z) referenced in function _main
main.obj : error LNK2019: unresolved external symbol "class cv::Mat __cdecl cv::imread(class cv::String const &,int)" (?imread@cv@@YA?AVMat@1@ABVString@1@H@Z) referenced in function _main
main.obj : error LNK2019: unresolved external symbol "bool __cdecl cv::imwrite(class cv::String const &,class cv::_InputArray const &,class std::vector<int,class std::allocator<int> > const &)" (?imwrite@cv@@YA_NABVString@1@ABV_InputArray@1@ABV?$vector@HV?$allocator@H@std@@@std@@@Z) referenced in function _main
main.obj : error LNK2019: unresolved external symbol "int __cdecl cv::waitKey(int)" (?waitKey@cv@@YAHH@Z) referenced in function _main
main.obj : error LNK2019: unresolved external symbol "void __cdecl cv::imshow(class cv::String const &,class cv::_InputArray const &)" (?imshow@cv@@YAXABVString@1@ABV_InputArray@1@@Z) referenced in function _main
C:\opencv\x64\vc14\lib\opencv_xfeatures2d320d.lib : warning LNK4272: library machine type 'x64' conflicts with target machine type 'X86'
C:\Users\BIGBA\Desktop\CVHW2\Debug\CVHW2.exe : fatal error LNK1120: 27 unresolved externals
